
|---|---|---|---|---|
|-?-|-X-|-0-|-0-|-X-|
|---|---|---|---|---|
|-?-|-X-|-0-|-0-|-X-|
|---|---|---|---|---|
|-X-|-0-|-X-|-0-|-X-|
|---|---|---|---|---|
|-X-|-0-|-0-|-0-|-X-|
|---|---|---|---|---|
|-?-|-X-|-X-|-X-|-?-|
|---|---|---|---|---|

NUMBER OF MOVEMENTS: 7

|---|---|---|---|---|
|-0-|-0-|-X-|-?-|-?-|
|---|---|---|---|---|
|-X-|-X-|-?-|-?-|-?-|
|---|---|---|---|---|
|-?-|-?-|-?-|-?-|-?-|
|---|---|---|---|---|
|-?-|-?-|-?-|-?-|-?-|
|---|---|---|---|---|
|-?-|-?-|-?-|-?-|-?-|
|---|---|---|---|---|

NUMBER OF MOVEMENTS: 1
