1
-465 7449

1
-435 5647

1
-461 9271

1
-225 3658

1
-64 6245

2
-234 2524
995 8674

1
-323 3673

1
-315 5087

1
-313 8404

1
-10 4614

0

1
-25 6087

1
-272 6585

1
-29 3782

1
-292 6912

0

1
-463 3453

1
-362 7967

0

1
-272 8959

1
-489 6990

0

1
-179 9315

0

1
-11 8575

2
-422 1886
1839 4960

1
-463 6633

1
-322 5607

1
-241 8179

1
-480 9293

2
-195 3895
2787 8992

0

1
-465 2486

1
-168 9457

0

1
-203 5702

1
-22 4196

1
-209 4148

0

1
-367 9253

1
-304 6128

1
-348 8047

1
-499 8583

1
-105 8698

1
-452 8524

1
-82 8983

1
-147 9224

1
-394 7956

1
-354 6289

2
-201 1712
583 6913

0

1
-52 6191

1
-399 8639

1
-135 7785

1
-220 5071

1
-382 6487

1
-7 8604

0

1
-481 7322

2
-463 348
334 2879

1
-350 8392

1
-444 7713

1
-137 4877

1
-389 9045

1
-69 8945

1
-437 6752

1
-440 1977

1
-380 8460

1
-469 4761

1
-28 8162

1
-484 6926

1
-375 6721

1
-470 6036

1
-309 4376

1
-212 9373

1
-339 5677

1
-32 2269

1
-313 7644

2
-248 3177
202 9272

1
-229 3708

1
-340 7929

1
-249 4399

1
-97 6422

1
-217 3480

1
-497 7932

1
-92 7405

1
-275 9318

1
-145 7091

1
-273 5926

1
-19 7049

1
-225 9334

1
-94 4988

1
-4 9468

2
-430 2616
1276 7000

1
-468 8555

1
-179 8248

1
-8 6277

1
-145 6958

1
-29 5602

1
-10 8913

