Bitmap #1
................................
................................
................................
................................
................................
................................
................................
................................
................................
................................
................................
................................
................................
................................
................................
................................
................................
................................
................................
................................
................................
................................
................................
................................
................................
................................
.XXX............................
X...X...........................
X..X............................
X...X...........................
.X..X...........................
..XX............................

