

From                 To                   Route      Miles
-------------------- -------------------- ---------- -----
Santa Barbara        Los Angeles          US-101        95
Los Angeles          San Bernardino       I-10          65
San Bernardino       Barstow              I-15          73
Barstow              Baker                I-15          62
Baker                Las Vegas            I-15          92
                                                     -----
                                          Total        387


From                 To                   Route      Miles
-------------------- -------------------- ---------- -----
San Diego            Los Angeles          I-5          121
                                                     -----
                                          Total        121


From                 To                   Route      Miles
-------------------- -------------------- ---------- -----
San Luis Obispo      Santa Barbara        US-101       106
Santa Barbara        Los Angeles          US-101        95
                                                     -----
                                          Total        201
